2019-03-14 14:53:53,781 [myid:] - INFO  [main:QuorumPeerConfig@136] - Reading configuration from: /s/chopin/k/grad/sarmst/cs535/zookeeper-3.4.13/bin/../conf/zoo.cfg
2019-03-14 14:53:53,788 [myid:] - INFO  [main:DatadirCleanupManager@78] - autopurge.snapRetainCount set to 3
2019-03-14 14:53:53,788 [myid:] - INFO  [main:DatadirCleanupManager@79] - autopurge.purgeInterval set to 0
2019-03-14 14:53:53,788 [myid:] - INFO  [main:DatadirCleanupManager@101] - Purge task is not scheduled.
2019-03-14 14:53:53,789 [myid:] - WARN  [main:QuorumPeerMain@116] - Either no config or no quorum defined in config, running  in standalone mode
2019-03-14 14:53:53,800 [myid:] - INFO  [main:QuorumPeerConfig@136] - Reading configuration from: /s/chopin/k/grad/sarmst/cs535/zookeeper-3.4.13/bin/../conf/zoo.cfg
2019-03-14 14:53:53,801 [myid:] - INFO  [main:ZooKeeperServerMain@98] - Starting server
2019-03-14 14:53:53,810 [myid:] - INFO  [main:Environment@100] - Server environment:zookeeper.version=3.4.13-2d71af4dbe22557fda74f9a9b4309b15a7487f03, built on 06/29/2018 04:05 GMT
2019-03-14 14:53:53,810 [myid:] - INFO  [main:Environment@100] - Server environment:host.name=columbia.cs.colostate.edu
2019-03-14 14:53:53,810 [myid:] - INFO  [main:Environment@100] - Server environment:java.version=1.8.0_51
2019-03-14 14:53:53,810 [myid:] - INFO  [main:Environment@100] - Server environment:java.vendor=Oracle Corporation
2019-03-14 14:53:53,810 [myid:] - INFO  [main:Environment@100] - Server environment:java.home=/usr/local/jdk1.8.0_51-64/jre
2019-03-14 14:53:53,810 [myid:] - INFO  [main:Environment@100] - Server environment:java.class.path=/s/chopin/k/grad/sarmst/cs535/zookeeper-3.4.13/bin/../build/classes:/s/chopin/k/grad/sarmst/cs535/zookeeper-3.4.13/bin/../build/lib/*.jar:/s/chopin/k/grad/sarmst/cs535/zookeeper-3.4.13/bin/../lib/slf4j-log4j12-1.7.25.jar:/s/chopin/k/grad/sarmst/cs535/zookeeper-3.4.13/bin/../lib/slf4j-api-1.7.25.jar:/s/chopin/k/grad/sarmst/cs535/zookeeper-3.4.13/bin/../lib/netty-3.10.6.Final.jar:/s/chopin/k/grad/sarmst/cs535/zookeeper-3.4.13/bin/../lib/log4j-1.2.17.jar:/s/chopin/k/grad/sarmst/cs535/zookeeper-3.4.13/bin/../lib/jline-0.9.94.jar:/s/chopin/k/grad/sarmst/cs535/zookeeper-3.4.13/bin/../lib/audience-annotations-0.5.0.jar:/s/chopin/k/grad/sarmst/cs535/zookeeper-3.4.13/bin/../zookeeper-3.4.13.jar:/s/chopin/k/grad/sarmst/cs535/zookeeper-3.4.13/bin/../src/java/lib/*.jar:/s/chopin/k/grad/sarmst/cs535/zookeeper-3.4.13/bin/../conf:
2019-03-14 14:53:53,810 [myid:] - INFO  [main:Environment@100] - Server environment:java.library.path=:/usr/java/packages/lib/amd64:/usr/lib64:/lib64:/lib:/usr/lib
2019-03-14 14:53:53,810 [myid:] - INFO  [main:Environment@100] - Server environment:java.io.tmpdir=/tmp
2019-03-14 14:53:53,811 [myid:] - INFO  [main:Environment@100] - Server environment:java.compiler=<NA>
2019-03-14 14:53:53,812 [myid:] - INFO  [main:Environment@100] - Server environment:os.name=Linux
2019-03-14 14:53:53,812 [myid:] - INFO  [main:Environment@100] - Server environment:os.arch=amd64
2019-03-14 14:53:53,812 [myid:] - INFO  [main:Environment@100] - Server environment:os.version=4.20.6-100.fc28.x86_64
2019-03-14 14:53:53,812 [myid:] - INFO  [main:Environment@100] - Server environment:user.name=sarmst
2019-03-14 14:53:53,812 [myid:] - INFO  [main:Environment@100] - Server environment:user.home=/s/chopin/k/grad/sarmst
2019-03-14 14:53:53,813 [myid:] - INFO  [main:Environment@100] - Server environment:user.dir=/s/chopin/k/grad/sarmst/cs535/zookeeper-3.4.13/bin
2019-03-14 14:53:53,830 [myid:] - INFO  [main:ZooKeeperServer@836] - tickTime set to 2000
2019-03-14 14:53:53,830 [myid:] - INFO  [main:ZooKeeperServer@845] - minSessionTimeout set to -1
2019-03-14 14:53:53,830 [myid:] - INFO  [main:ZooKeeperServer@854] - maxSessionTimeout set to -1
2019-03-14 14:53:53,838 [myid:] - INFO  [main:ServerCnxnFactory@117] - Using org.apache.zookeeper.server.NIOServerCnxnFactory as server connection factory
2019-03-14 14:53:53,843 [myid:] - INFO  [main:NIOServerCnxnFactory@89] - binding to port 0.0.0.0/0.0.0.0:2181
2019-03-14 14:53:53,843 [myid:] - ERROR [main:ZooKeeperServerMain@66] - Unexpected exception, exiting abnormally
java.net.BindException: Address already in use
	at sun.nio.ch.Net.bind0(Native Method)
	at sun.nio.ch.Net.bind(Net.java:437)
	at sun.nio.ch.Net.bind(Net.java:429)
	at sun.nio.ch.ServerSocketChannelImpl.bind(ServerSocketChannelImpl.java:223)
	at sun.nio.ch.ServerSocketAdaptor.bind(ServerSocketAdaptor.java:74)
	at sun.nio.ch.ServerSocketAdaptor.bind(ServerSocketAdaptor.java:67)
	at org.apache.zookeeper.server.NIOServerCnxnFactory.configure(NIOServerCnxnFactory.java:90)
	at org.apache.zookeeper.server.ZooKeeperServerMain.runFromConfig(ZooKeeperServerMain.java:120)
	at org.apache.zookeeper.server.ZooKeeperServerMain.initializeAndRun(ZooKeeperServerMain.java:89)
	at org.apache.zookeeper.server.ZooKeeperServerMain.main(ZooKeeperServerMain.java:55)
	at org.apache.zookeeper.server.quorum.QuorumPeerMain.initializeAndRun(QuorumPeerMain.java:119)
	at org.apache.zookeeper.server.quorum.QuorumPeerMain.main(QuorumPeerMain.java:81)
